2023-08-30 14:17:49.521 [main] WARN  de.qytera.qtaf.core - Failed to find key 'driver.version' in JVM arguments (-Ddriver.version), environment variables (DRIVER_VERSION) or configuration file C:\Users\ohoenig\IdeaProjects\QTAFProjects\QTAF\qtaf-core\src\test\resources\qtaf.json
2023-08-30 14:17:54.031 [main] INFO  de.qytera.qtaf.core - [DriverFactory] Use driver chrome
2023-08-30 14:17:54.031 [main] INFO  de.qytera.qtaf.core - [DriverFactory] Driver initialized: chrome
2023-08-30 14:17:54.091 [main] INFO  de.qytera.qtaf.core - [DriverFactory] Driver configured
2023-08-30 14:20:20.859 [main] WARN  de.qytera.qtaf.core - Failed to find key 'driver.version' in JVM arguments (-Ddriver.version), environment variables (DRIVER_VERSION) or configuration file C:\Users\ohoenig\IdeaProjects\QTAFProjects\QTAF\qtaf-core\src\test\resources\qtaf.json
2023-08-30 14:20:23.734 [main] INFO  de.qytera.qtaf.core - [DriverFactory] Use driver chrome
2023-08-30 14:20:23.735 [main] INFO  de.qytera.qtaf.core - [DriverFactory] Driver initialized: chrome
2023-08-30 14:20:23.787 [main] INFO  de.qytera.qtaf.core - [DriverFactory] Driver configured
2023-08-30 14:20:36.024 [main] WARN  de.qytera.qtaf.core - Failed to find key 'driver.version' in JVM arguments (-Ddriver.version), environment variables (DRIVER_VERSION) or configuration file C:\Users\ohoenig\IdeaProjects\QTAFProjects\QTAF\qtaf-core\src\test\resources\qtaf.json
2023-08-30 14:20:37.564 [main] INFO  de.qytera.qtaf.core - [DriverFactory] Use driver chrome
2023-08-30 14:20:37.565 [main] INFO  de.qytera.qtaf.core - [DriverFactory] Driver initialized: chrome
2023-08-30 14:20:37.615 [main] INFO  de.qytera.qtaf.core - [DriverFactory] Driver configured
2023-08-30 14:20:37.701 [main] WARN  de.qytera.qtaf.core - Failed to find key 'driver.version' in JVM arguments (-Ddriver.version), environment variables (DRIVER_VERSION) or configuration file C:\Users\ohoenig\IdeaProjects\QTAFProjects\QTAF\qtaf-core\src\test\resources\qtaf.json
2023-08-30 14:20:38.639 [main] INFO  de.qytera.qtaf.core - [DriverFactory] Use driver chrome
2023-08-30 14:20:38.639 [main] INFO  de.qytera.qtaf.core - [DriverFactory] Driver initialized: chrome
2023-08-30 14:20:38.656 [main] INFO  de.qytera.qtaf.core - [DriverFactory] Driver configured
2023-08-30 14:20:38.870 [main] WARN  de.qytera.qtaf.core - Failed to find key 'driver.version' in JVM arguments (-Ddriver.version), environment variables (DRIVER_VERSION) or configuration file C:\Users\ohoenig\IdeaProjects\QTAFProjects\QTAF\qtaf-core\src\test\resources\qtaf.json
2023-08-30 14:20:39.940 [main] INFO  de.qytera.qtaf.core - [DriverFactory] Use driver chrome
2023-08-30 14:20:39.940 [main] INFO  de.qytera.qtaf.core - [DriverFactory] Driver initialized: chrome
2023-08-30 14:20:39.949 [main] INFO  de.qytera.qtaf.core - [DriverFactory] Driver configured
2023-08-30 14:20:40.306 [main] WARN  de.qytera.qtaf.core - Failed to find key 'driver.version' in JVM arguments (-Ddriver.version), environment variables (DRIVER_VERSION) or configuration file C:\Users\ohoenig\IdeaProjects\QTAFProjects\QTAF\qtaf-core\src\test\resources\qtaf.json
2023-08-30 14:20:43.247 [main] INFO  de.qytera.qtaf.core - [DriverFactory] Use driver edge
2023-08-30 14:20:43.248 [main] INFO  de.qytera.qtaf.core - [DriverFactory] Driver initialized: edge
2023-08-30 14:20:43.263 [main] INFO  de.qytera.qtaf.core - [DriverFactory] Driver configured
2023-08-30 14:20:43.403 [main] WARN  de.qytera.qtaf.core - Failed to find key 'driver.version' in JVM arguments (-Ddriver.version), environment variables (DRIVER_VERSION) or configuration file C:\Users\ohoenig\IdeaProjects\QTAFProjects\QTAF\qtaf-core\src\test\resources\qtaf.json
2023-08-30 14:20:44.436 [main] INFO  de.qytera.qtaf.core - [DriverFactory] Use driver edge
2023-08-30 14:20:44.437 [main] INFO  de.qytera.qtaf.core - [DriverFactory] Driver initialized: edge
2023-08-30 14:20:44.444 [main] INFO  de.qytera.qtaf.core - [DriverFactory] Driver configured
2023-08-30 14:20:44.726 [main] WARN  de.qytera.qtaf.core - Failed to find key 'driver.version' in JVM arguments (-Ddriver.version), environment variables (DRIVER_VERSION) or configuration file C:\Users\ohoenig\IdeaProjects\QTAFProjects\QTAF\qtaf-core\src\test\resources\qtaf.json
2023-08-30 14:20:47.486 [main] INFO  de.qytera.qtaf.core - [DriverFactory] Use driver firefox
2023-08-30 14:20:47.486 [main] INFO  de.qytera.qtaf.core - [DriverFactory] Driver initialized: firefox
2023-08-30 14:20:47.492 [main] INFO  de.qytera.qtaf.core - [DriverFactory] Driver configured
2023-08-30 14:20:49.294 [main] WARN  de.qytera.qtaf.core - Failed to find key 'driver.version' in JVM arguments (-Ddriver.version), environment variables (DRIVER_VERSION) or configuration file C:\Users\ohoenig\IdeaProjects\QTAFProjects\QTAF\qtaf-core\src\test\resources\qtaf.json
2023-08-30 14:20:52.147 [main] INFO  de.qytera.qtaf.core - [DriverFactory] Use driver firefox
2023-08-30 14:20:52.147 [main] INFO  de.qytera.qtaf.core - [DriverFactory] Driver initialized: firefox
2023-08-30 14:20:52.152 [main] INFO  de.qytera.qtaf.core - [DriverFactory] Driver configured
2023-08-30 14:20:59.780 [main] INFO  de.qytera.qtaf.core - [DriverFactory] Use driver ie
2023-08-30 14:20:59.781 [main] INFO  de.qytera.qtaf.core - [DriverFactory] Driver initialized: ie
2023-08-30 14:20:59.805 [main] INFO  de.qytera.qtaf.core - [DriverFactory] Driver configured
2023-08-30 14:53:46.826 [main] WARN  de.qytera.qtaf.core - Failed to find key 'driver.version' in JVM arguments (-Ddriver.version), environment variables (DRIVER_VERSION) or configuration file C:\Users\ohoenig\IdeaProjects\QTAFProjects\QTAF\qtaf-core\src\test\resources\qtaf.json
2023-08-30 14:54:04.489 [main] WARN  de.qytera.qtaf.core - Failed to find key 'driver.version' in JVM arguments (-Ddriver.version), environment variables (DRIVER_VERSION) or configuration file C:\Users\ohoenig\IdeaProjects\QTAFProjects\QTAF\qtaf-core\src\test\resources\qtaf.json
2023-08-30 15:09:36.202 [main] WARN  de.qytera.qtaf.core - Failed to find key 'driver.version' in JVM arguments (-Ddriver.version), environment variables (DRIVER_VERSION) or configuration file C:\Users\ohoenig\IdeaProjects\QTAFProjects\QTAF\qtaf-core\src\test\resources\qtaf.json
2023-08-30 15:10:04.934 [main] WARN  de.qytera.qtaf.core - Failed to find key 'driver.version' in JVM arguments (-Ddriver.version), environment variables (DRIVER_VERSION) or configuration file C:\Users\ohoenig\IdeaProjects\QTAFProjects\QTAF\qtaf-core\src\test\resources\qtaf.json
2023-08-30 15:11:39.612 [main] WARN  de.qytera.qtaf.core - Failed to find key 'driver.version' in JVM arguments (-Ddriver.version), environment variables (DRIVER_VERSION) or configuration file C:\Users\ohoenig\IdeaProjects\QTAFProjects\QTAF\qtaf-core\src\test\resources\qtaf.json
2023-08-30 15:30:49.017 [main] WARN  de.qytera.qtaf.core - Failed to find key 'hello.there.boolean' in JVM arguments (-Dhello.there.boolean), environment variables (HELLO_THERE_BOOLEAN) or configuration file C:\Users\ohoenig\IdeaProjects\QTAFProjects\QTAF\qtaf-core\src\test\resources\qtaf.json
2023-08-30 15:30:49.026 [main] WARN  de.qytera.qtaf.core - Failed to find key 'hello.there.boolean' in JVM arguments (-Dhello.there.boolean), environment variables (HELLO_THERE_BOOLEAN) or configuration file C:\Users\ohoenig\IdeaProjects\QTAFProjects\QTAF\qtaf-core\src\test\resources\qtaf.json
2023-08-30 15:30:49.031 [main] WARN  de.qytera.qtaf.core - Failed to find key 'hello.there.double' in JVM arguments (-Dhello.there.double), environment variables (HELLO_THERE_DOUBLE) or configuration file C:\Users\ohoenig\IdeaProjects\QTAFProjects\QTAF\qtaf-core\src\test\resources\qtaf.json
2023-08-30 15:30:49.032 [main] WARN  de.qytera.qtaf.core - Failed to find key 'hello.there.double' in JVM arguments (-Dhello.there.double), environment variables (HELLO_THERE_DOUBLE) or configuration file C:\Users\ohoenig\IdeaProjects\QTAFProjects\QTAF\qtaf-core\src\test\resources\qtaf.json
2023-08-30 15:30:49.039 [main] WARN  de.qytera.qtaf.core - Failed to find key 'hello.there.int' in JVM arguments (-Dhello.there.int), environment variables (HELLO_THERE_INT) or configuration file C:\Users\ohoenig\IdeaProjects\QTAFProjects\QTAF\qtaf-core\src\test\resources\qtaf.json
2023-08-30 15:30:49.040 [main] WARN  de.qytera.qtaf.core - Failed to find key 'hello.there.int' in JVM arguments (-Dhello.there.int), environment variables (HELLO_THERE_INT) or configuration file C:\Users\ohoenig\IdeaProjects\QTAFProjects\QTAF\qtaf-core\src\test\resources\qtaf.json
2023-08-30 15:30:49.046 [main] WARN  de.qytera.qtaf.core - Failed to find key 'hello.there.array' in JVM arguments (-Dhello.there.array), environment variables (HELLO_THERE_ARRAY) or configuration file C:\Users\ohoenig\IdeaProjects\QTAFProjects\QTAF\qtaf-core\src\test\resources\qtaf.json
2023-08-30 15:30:49.047 [main] ERROR de.qytera.qtaf.core - Value 'null' of key 'hello.there.array' could not be parsed as a list (com.google.gson.JsonSyntaxException: Expected a com.google.gson.JsonArray but was com.google.gson.JsonNull; at path $)
2023-08-30 15:30:49.051 [main] ERROR de.qytera.qtaf.core - Value '["missingQuote]' of key 'hello.there.array' could not be parsed as a list (com.google.gson.JsonSyntaxException: com.google.gson.stream.MalformedJsonException: Unterminated string at line 1 column 16 path $[0])
2023-08-30 15:30:49.052 [main] WARN  de.qytera.qtaf.core - Failed to find key 'hello.there.array' in JVM arguments (-Dhello.there.array), environment variables (HELLO_THERE_ARRAY) or configuration file C:\Users\ohoenig\IdeaProjects\QTAFProjects\QTAF\qtaf-core\src\test\resources\qtaf.json
2023-08-30 15:30:49.059 [main] WARN  de.qytera.qtaf.core - Failed to find key 'hello.there.string' in JVM arguments (-Dhello.there.string), environment variables (HELLO_THERE_STRING) or configuration file C:\Users\ohoenig\IdeaProjects\QTAFProjects\QTAF\qtaf-core\src\test\resources\qtaf.json
2023-08-30 15:30:49.060 [main] WARN  de.qytera.qtaf.core - Failed to find key 'hello.there.string' in JVM arguments (-Dhello.there.string), environment variables (HELLO_THERE_STRING) or configuration file C:\Users\ohoenig\IdeaProjects\QTAFProjects\QTAF\qtaf-core\src\test\resources\qtaf.json
2023-08-30 15:30:50.224 [Finalizer] WARN  de.qytera.qtaf.core - [StepLog] Destroying log message 'def'
2023-08-30 15:30:50.581 [main] WARN  de.qytera.qtaf.core - Failed to find key 'driver.version' in JVM arguments (-Ddriver.version), environment variables (DRIVER_VERSION) or configuration file C:\Users\ohoenig\IdeaProjects\QTAFProjects\QTAF\qtaf-core\src\test\resources\qtaf.json
2023-08-30 15:30:54.289 [main] WARN  de.qytera.qtaf.core - Failed to find key 'driver.version' in JVM arguments (-Ddriver.version), environment variables (DRIVER_VERSION) or configuration file C:\Users\ohoenig\IdeaProjects\QTAFProjects\QTAF\qtaf-core\src\test\resources\qtaf.json
2023-08-30 15:30:54.897 [main] INFO  de.qytera.qtaf.core - [DriverFactory] Use driver chrome
2023-08-30 15:30:54.898 [main] INFO  de.qytera.qtaf.core - [DriverFactory] Driver initialized: chrome
2023-08-30 15:30:54.910 [main] INFO  de.qytera.qtaf.core - [DriverFactory] Driver configured
2023-08-30 15:30:54.998 [main] WARN  de.qytera.qtaf.core - Failed to find key 'driver.version' in JVM arguments (-Ddriver.version), environment variables (DRIVER_VERSION) or configuration file C:\Users\ohoenig\IdeaProjects\QTAFProjects\QTAF\qtaf-core\src\test\resources\qtaf.json
2023-08-30 15:30:55.723 [main] INFO  de.qytera.qtaf.core - [DriverFactory] Use driver chrome
2023-08-30 15:30:55.724 [main] INFO  de.qytera.qtaf.core - [DriverFactory] Driver initialized: chrome
2023-08-30 15:30:55.727 [main] INFO  de.qytera.qtaf.core - [DriverFactory] Driver configured
2023-08-30 15:30:55.882 [main] WARN  de.qytera.qtaf.core - Failed to find key 'driver.version' in JVM arguments (-Ddriver.version), environment variables (DRIVER_VERSION) or configuration file C:\Users\ohoenig\IdeaProjects\QTAFProjects\QTAF\qtaf-core\src\test\resources\qtaf.json
2023-08-30 15:30:56.591 [main] INFO  de.qytera.qtaf.core - [DriverFactory] Use driver chrome
2023-08-30 15:30:56.591 [main] INFO  de.qytera.qtaf.core - [DriverFactory] Driver initialized: chrome
2023-08-30 15:30:56.597 [main] INFO  de.qytera.qtaf.core - [DriverFactory] Driver configured
2023-08-30 15:30:56.720 [main] WARN  de.qytera.qtaf.core - Failed to find key 'driver.version' in JVM arguments (-Ddriver.version), environment variables (DRIVER_VERSION) or configuration file C:\Users\ohoenig\IdeaProjects\QTAFProjects\QTAF\qtaf-core\src\test\resources\qtaf.json
2023-08-30 15:30:57.505 [main] INFO  de.qytera.qtaf.core - [DriverFactory] Use driver edge
2023-08-30 15:30:57.505 [main] INFO  de.qytera.qtaf.core - [DriverFactory] Driver initialized: edge
2023-08-30 15:30:57.508 [main] INFO  de.qytera.qtaf.core - [DriverFactory] Driver configured
2023-08-30 15:30:57.618 [main] WARN  de.qytera.qtaf.core - Failed to find key 'driver.version' in JVM arguments (-Ddriver.version), environment variables (DRIVER_VERSION) or configuration file C:\Users\ohoenig\IdeaProjects\QTAFProjects\QTAF\qtaf-core\src\test\resources\qtaf.json
2023-08-30 15:30:58.291 [main] INFO  de.qytera.qtaf.core - [DriverFactory] Use driver edge
2023-08-30 15:30:58.293 [main] INFO  de.qytera.qtaf.core - [DriverFactory] Driver initialized: edge
2023-08-30 15:30:58.302 [main] INFO  de.qytera.qtaf.core - [DriverFactory] Driver configured
2023-08-30 15:30:58.497 [main] WARN  de.qytera.qtaf.core - Failed to find key 'driver.version' in JVM arguments (-Ddriver.version), environment variables (DRIVER_VERSION) or configuration file C:\Users\ohoenig\IdeaProjects\QTAFProjects\QTAF\qtaf-core\src\test\resources\qtaf.json
2023-08-30 15:31:00.030 [main] INFO  de.qytera.qtaf.core - [DriverFactory] Use driver firefox
2023-08-30 15:31:00.031 [main] INFO  de.qytera.qtaf.core - [DriverFactory] Driver initialized: firefox
2023-08-30 15:31:00.042 [main] INFO  de.qytera.qtaf.core - [DriverFactory] Driver configured
2023-08-30 15:31:02.304 [main] WARN  de.qytera.qtaf.core - Failed to find key 'driver.version' in JVM arguments (-Ddriver.version), environment variables (DRIVER_VERSION) or configuration file C:\Users\ohoenig\IdeaProjects\QTAFProjects\QTAF\qtaf-core\src\test\resources\qtaf.json
2023-08-30 15:31:04.211 [main] INFO  de.qytera.qtaf.core - [DriverFactory] Use driver firefox
2023-08-30 15:31:04.211 [main] INFO  de.qytera.qtaf.core - [DriverFactory] Driver initialized: firefox
2023-08-30 15:31:04.216 [main] INFO  de.qytera.qtaf.core - [DriverFactory] Driver configured
2023-08-30 15:31:07.968 [main] INFO  de.qytera.qtaf.core - [DriverFactory] Use driver ie
2023-08-30 15:31:07.968 [main] INFO  de.qytera.qtaf.core - [DriverFactory] Driver initialized: ie
2023-08-30 15:31:08.000 [main] INFO  de.qytera.qtaf.core - [DriverFactory] Driver configured
2023-08-30 15:31:08.500 [main] WARN  de.qytera.qtaf.core - Failed to find key 'driver.version' in JVM arguments (-Ddriver.version), environment variables (DRIVER_VERSION) or configuration file C:\Users\ohoenig\IdeaProjects\QTAFProjects\QTAF\qtaf-core\src\test\resources\qtaf.json
2023-08-30 15:31:09.419 [main] WARN  de.qytera.qtaf.core - Failed to find key 'driver.version' in JVM arguments (-Ddriver.version), environment variables (DRIVER_VERSION) or configuration file C:\Users\ohoenig\IdeaProjects\QTAFProjects\QTAF\qtaf-core\src\test\resources\qtaf.json
2023-08-30 15:31:13.284 [Finalizer] WARN  de.qytera.qtaf.core - [StepLog] Destroying log message 'message'
2023-08-30 15:31:13.285 [Finalizer] WARN  de.qytera.qtaf.core - [StepLog] Destroying log message 'message'
2023-08-30 15:31:13.285 [Finalizer] WARN  de.qytera.qtaf.core - [StepLog] Destroying log message 'message'
2023-08-30 15:31:13.285 [Finalizer] WARN  de.qytera.qtaf.core - [StepLog] Destroying log message 'message'
2023-08-30 15:31:13.285 [Finalizer] WARN  de.qytera.qtaf.core - [StepLog] Destroying log message 'message'
2023-08-30 15:31:13.286 [Finalizer] WARN  de.qytera.qtaf.core - [StepLog] Destroying log message 'message'
2023-08-30 15:31:13.286 [Finalizer] WARN  de.qytera.qtaf.core - [StepLog] Destroying log message 'message'
2023-08-30 15:31:13.286 [Finalizer] WARN  de.qytera.qtaf.core - [StepLog] Destroying log message 'message'
2023-08-30 15:31:13.286 [Finalizer] WARN  de.qytera.qtaf.core - [StepLog] Destroying log message 'message'
2023-08-30 15:31:13.286 [Finalizer] WARN  de.qytera.qtaf.core - [StepLog] Destroying log message 'message'
2023-08-30 15:31:13.286 [Finalizer] WARN  de.qytera.qtaf.core - [StepLog] Destroying log message 'message'
2023-08-30 15:31:13.286 [Finalizer] WARN  de.qytera.qtaf.core - [StepLog] Destroying log message 'message'
2023-08-30 15:31:13.286 [Finalizer] WARN  de.qytera.qtaf.core - [StepLog] Destroying log message 'message'
2023-08-30 15:31:13.286 [Finalizer] WARN  de.qytera.qtaf.core - [StepLog] Destroying log message 'message'
2023-08-30 15:31:13.287 [Finalizer] WARN  de.qytera.qtaf.core - [StepLog] Destroying log message 'message'
2023-08-30 15:31:13.287 [Finalizer] WARN  de.qytera.qtaf.core - [StepLog] Destroying log message 'message'
2023-08-30 15:31:13.287 [Finalizer] WARN  de.qytera.qtaf.core - [StepLog] Destroying log message 'message'
2023-08-30 15:31:13.287 [Finalizer] WARN  de.qytera.qtaf.core - [StepLog] Destroying log message 'message'
2023-08-30 15:31:13.287 [Finalizer] WARN  de.qytera.qtaf.core - [StepLog] Destroying log message 'message'
2023-08-30 15:31:13.287 [Finalizer] WARN  de.qytera.qtaf.core - [StepLog] Destroying log message 'message'
2023-08-30 15:31:13.287 [Finalizer] WARN  de.qytera.qtaf.core - [StepLog] Destroying log message 'message'
2023-08-30 15:31:13.287 [Finalizer] WARN  de.qytera.qtaf.core - [StepLog] Destroying log message 'message'
2023-08-30 15:31:13.287 [Finalizer] WARN  de.qytera.qtaf.core - [StepLog] Destroying log message 'message'
2023-08-30 15:31:13.287 [Finalizer] WARN  de.qytera.qtaf.core - [StepLog] Destroying log message 'message'
2023-08-30 15:31:13.287 [Finalizer] WARN  de.qytera.qtaf.core - [StepLog] Destroying log message 'message'
2023-08-30 15:31:13.287 [Finalizer] WARN  de.qytera.qtaf.core - [StepLog] Destroying log message 'message'
2023-08-30 15:31:13.288 [Finalizer] WARN  de.qytera.qtaf.core - [StepLog] Destroying log message 'message'
2023-08-30 15:31:13.288 [Finalizer] WARN  de.qytera.qtaf.core - [StepLog] Destroying log message 'message'
2023-08-30 15:31:13.288 [Finalizer] WARN  de.qytera.qtaf.core - [StepLog] Destroying log message 'message'
2023-08-30 15:31:13.288 [Finalizer] WARN  de.qytera.qtaf.core - [StepLog] Destroying log message 'message'
2023-08-30 15:31:13.288 [Finalizer] WARN  de.qytera.qtaf.core - [StepLog] Destroying log message 'message'
2023-08-30 15:31:13.288 [Finalizer] WARN  de.qytera.qtaf.core - [StepLog] Destroying log message 'message'
2023-08-30 15:31:13.288 [Finalizer] WARN  de.qytera.qtaf.core - [StepLog] Destroying log message 'message'
2023-08-30 15:31:13.288 [Finalizer] WARN  de.qytera.qtaf.core - [StepLog] Destroying log message 'message'
2023-08-30 15:31:13.288 [Finalizer] WARN  de.qytera.qtaf.core - [StepLog] Destroying log message 'message'
2023-08-30 15:31:13.288 [Finalizer] WARN  de.qytera.qtaf.core - [StepLog] Destroying log message 'message'
2023-08-30 15:31:13.288 [Finalizer] WARN  de.qytera.qtaf.core - [StepLog] Destroying log message 'message'
2023-08-30 15:31:13.289 [Finalizer] WARN  de.qytera.qtaf.core - [StepLog] Destroying log message 'message'
2023-08-30 15:31:13.289 [Finalizer] WARN  de.qytera.qtaf.core - [StepLog] Destroying log message 'message'
2023-08-30 15:31:13.289 [Finalizer] WARN  de.qytera.qtaf.core - [StepLog] Destroying log message 'message'
2023-08-30 15:31:13.289 [Finalizer] WARN  de.qytera.qtaf.core - [StepLog] Destroying log message 'message'
2023-08-30 15:31:13.289 [Finalizer] WARN  de.qytera.qtaf.core - [StepLog] Destroying log message 'message'
2023-08-30 15:31:13.289 [Finalizer] WARN  de.qytera.qtaf.core - [StepLog] Destroying log message 'message'
2023-08-30 15:31:13.289 [Finalizer] WARN  de.qytera.qtaf.core - [StepLog] Destroying log message 'message'
2023-08-30 15:31:13.289 [Finalizer] WARN  de.qytera.qtaf.core - [StepLog] Destroying log message 'message'
2023-08-30 15:31:13.289 [Finalizer] WARN  de.qytera.qtaf.core - [StepLog] Destroying log message 'message'
2023-08-30 15:31:13.289 [Finalizer] WARN  de.qytera.qtaf.core - [StepLog] Destroying log message 'message'
2023-08-30 15:31:13.289 [Finalizer] WARN  de.qytera.qtaf.core - [StepLog] Destroying log message 'message'
2023-08-30 15:31:13.289 [Finalizer] WARN  de.qytera.qtaf.core - [StepLog] Destroying log message 'message'
2023-08-30 15:31:13.290 [Finalizer] WARN  de.qytera.qtaf.core - [StepLog] Destroying log message 'message'
2023-08-30 15:31:13.290 [Finalizer] WARN  de.qytera.qtaf.core - [StepLog] Destroying log message 'message'
2023-08-30 15:31:13.572 [main] INFO  de.qytera.qtaf.core - Clear log data
2023-08-30 15:31:13.572 [main] WARN  de.qytera.qtaf.core - Failed to find key 'driver.version' in JVM arguments (-Ddriver.version), environment variables (DRIVER_VERSION) or configuration file C:\Users\ohoenig\IdeaProjects\QTAFProjects\QTAF\qtaf-core\src\test\resources\qtaf.json
2023-08-30 15:31:14.229 [main] INFO  de.qytera.qtaf.core - [DriverFactory] Use driver chrome
2023-08-30 15:31:14.229 [main] INFO  de.qytera.qtaf.core - [DriverFactory] Driver initialized: chrome
2023-08-30 15:31:14.233 [main] INFO  de.qytera.qtaf.core - [DriverFactory] Driver configured
2023-08-30 15:31:15.553 [main] WARN  de.qytera.qtaf.core - Failed to find key 'driver.version' in JVM arguments (-Ddriver.version), environment variables (DRIVER_VERSION) or configuration file C:\Users\ohoenig\IdeaProjects\QTAFProjects\QTAF\qtaf-core\src\test\resources\qtaf.json
2023-08-30 15:31:16.378 [main] INFO  de.qytera.qtaf.core - [DriverFactory] Use driver chrome
2023-08-30 15:31:16.378 [main] INFO  de.qytera.qtaf.core - [DriverFactory] Driver initialized: chrome
2023-08-30 15:31:16.383 [main] INFO  de.qytera.qtaf.core - [DriverFactory] Driver configured
